[0818/121137.440:ERROR:process_reader_win.cc(151)] SuspendThread: Accès refusé. (0x5)
[0818/121137.443:ERROR:exception_snapshot_win.cc(98)] thread ID 26212 not found in process
[0822/155347.713:ERROR:process_reader_win.cc(188)] ResumeThread: Paramètre incorrect. (0x57)
[0822/155347.714:ERROR:process_reader_win.cc(151)] SuspendThread: Accès refusé. (0x5)
[0822/155347.714:ERROR:process_reader_win.cc(151)] SuspendThread: Accès refusé. (0x5)
[0822/155347.714:ERROR:process_reader_win.cc(151)] SuspendThread: Accès refusé. (0x5)
[0822/155347.714:ERROR:process_reader_win.cc(151)] SuspendThread: Accès refusé. (0x5)
[0822/155347.714:ERROR:process_reader_win.cc(151)] SuspendThread: Accès refusé. (0x5)
[0822/155347.714:ERROR:process_reader_win.cc(151)] SuspendThread: Accès refusé. (0x5)
[0822/155347.715:ERROR:process_reader_win.cc(151)] SuspendThread: Accès refusé. (0x5)
[0822/155347.715:ERROR:process_reader_win.cc(151)] SuspendThread: Accès refusé. (0x5)
[0822/155347.715:ERROR:process_reader_win.cc(151)] SuspendThread: Accès refusé. (0x5)
[0822/155348.491:ERROR:process_memory_win.cc(73)] ReadMemory at 0x13ff80000 of 64 bytes failed: Seule une partie d’une requête ReadProcessMemory ou WriteProcessMemory a été effectuée. (0x12B)
[0822/155348.491:WARNING:pe_image_reader.cc(340)] could not read dos header from C:\Program Files (x86)\Google\Chrome\Application\chrome.exe
[0822/155348.491:ERROR:process_memory_win.cc(73)] ReadMemory at 0x775e0000 of 64 bytes failed: Seule une partie d’une requête ReadProcessMemory ou WriteProcessMemory a été effectuée. (0x12B)
[0822/155348.491:WARNING:pe_image_reader.cc(340)] could not read dos header from C:\Windows\SYSTEM32\ntdll.dll
[0822/155348.491:ERROR:process_memory_win.cc(73)] ReadMemory at 0x774c0000 of 64 bytes failed: Seule une partie d’une requête ReadProcessMemory ou WriteProcessMemory a été effectuée. (0x12B)
[0822/155348.491:WARNING:pe_image_reader.cc(340)] could not read dos header from C:\Windows\system32\KERNEL32.dll
[0822/155348.491:ERROR:process_memory_win.cc(73)] ReadMemory at 0x7fefd290000 of 64 bytes failed: Seule une partie d’une requête ReadProcessMemory ou WriteProcessMemory a été effectuée. (0x12B)
[0822/155348.491:WARNING:pe_image_reader.cc(340)] could not read dos header from C:\Windows\system32\KERNELBASE.dll
[0822/155348.492:ERROR:process_memory_win.cc(73)] ReadMemory at 0x7fed2cf0000 of 64 bytes failed: Seule une partie d’une requête ReadProcessMemory ou WriteProcessMemory a été effectuée. (0x12B)
[0822/155348.492:WARNING:pe_image_reader.cc(340)] could not read dos header from C:\Program Files (x86)\Google\Chrome\Application\84.0.4147.125\chrome_elf.dll
[0822/155348.492:ERROR:process_memory_win.cc(73)] ReadMemory at 0x7fefc570000 of 64 bytes failed: Seule une partie d’une requête ReadProcessMemory ou WriteProcessMemory a été effectuée. (0x12B)
[0822/155348.492:WARNING:pe_image_reader.cc(340)] could not read dos header from C:\Windows\system32\VERSION.dll
[0822/155348.492:ERROR:process_memory_win.cc(73)] ReadMemory at 0x7fefd680000 of 64 bytes failed: Seule une partie d’une requête ReadProcessMemory ou WriteProcessMemory a été effectuée. (0x12B)
[0822/155348.492:WARNING:pe_image_reader.cc(340)] could not read dos header from C:\Windows\system32\msvcrt.dll
[0822/155348.492:ERROR:process_memory_win.cc(73)] ReadMemory at 0x7fefc400000 of 64 bytes failed: Seule une partie d’une requête ReadProcessMemory ou WriteProcessMemory a été effectuée. (0x12B)
[0822/155348.492:WARNING:pe_image_reader.cc(340)] could not read dos header from C:\Windows\system32\api-ms-win-core-synch-l1-2-0.DLL
[0822/155348.492:ERROR:process_memory_win.cc(73)] ReadMemory at 0x7feff3b0000 of 64 bytes failed: Seule une partie d’une requête ReadProcessMemory ou WriteProcessMemory a été effectuée. (0x12B)
[0822/155348.492:WARNING:pe_image_reader.cc(340)] could not read dos header from C:\Windows\system32\GDI32.dll
[0822/155348.492:ERROR:process_memory_win.cc(73)] ReadMemory at 0x773c0000 of 64 bytes failed: Seule une partie d’une requête ReadProcessMemory ou WriteProcessMemory a été effectuée. (0x12B)
[0822/155348.492:WARNING:pe_image_reader.cc(340)] could not read dos header from C:\Windows\system32\USER32.dll
[0822/155348.492:ERROR:process_memory_win.cc(73)] ReadMemory at 0x7feff0d0000 of 64 bytes failed: Seule une partie d’une requête ReadProcessMemory ou WriteProcessMemory a été effectuée. (0x12B)
[0822/155348.492:WARNING:pe_image_reader.cc(340)] could not read dos header from C:\Windows\system32\LPK.dll
[0822/155348.492:ERROR:process_memory_win.cc(73)] ReadMemory at 0x7fefd960000 of 64 bytes failed: Seule une partie d’une requête ReadProcessMemory ou WriteProcessMemory a été effectuée. (0x12B)
[0822/155348.492:WARNING:pe_image_reader.cc(340)] could not read dos header from C:\Windows\system32\USP10.dll
[0822/155348.492:ERROR:process_memory_win.cc(73)] ReadMemory at 0x7fefd720000 of 64 bytes failed: Seule une partie d’une requête ReadProcessMemory ou WriteProcessMemory a été effectuée. (0x12B)
[0822/155348.492:WARNING:pe_image_reader.cc(340)] could not read dos header from C:\Windows\system32\IMM32.DLL
[0822/155348.492:ERROR:process_memory_win.cc(73)] ReadMemory at 0x7fefeef0000 of 64 bytes failed: Seule une partie d’une requête ReadProcessMemory ou WriteProcessMemory a été effectuée. (0x12B)
[0822/155348.493:WARNING:pe_image_reader.cc(340)] could not read dos header from C:\Windows\system32\MSCTF.dll
[0822/155348.493:ERROR:process_memory_win.cc(73)] ReadMemory at 0x7fefec30000 of 64 bytes failed: Seule une partie d’une requête ReadProcessMemory ou WriteProcessMemory a été effectuée. (0x12B)
[0822/155348.493:WARNING:pe_image_reader.cc(340)] could not read dos header from C:\Windows\system32\ADVAPI32.dll
[0822/155348.493:ERROR:process_memory_win.cc(73)] ReadMemory at 0x7fefeab0000 of 64 bytes failed: Seule une partie d’une requête ReadProcessMemory ou WriteProcessMemory a été effectuée. (0x12B)
[0822/155348.493:WARNING:pe_image_reader.cc(340)] could not read dos header from C:\Windows\SYSTEM32\sechost.dll
[0822/155348.493:ERROR:process_memory_win.cc(73)] ReadMemory at 0x7fefd4f0000 of 64 bytes failed: Seule une partie d’une requête ReadProcessMemory ou WriteProcessMemory a été effectuée. (0x12B)
[0822/155348.493:WARNING:pe_image_reader.cc(340)] could not read dos header from C:\Windows\system32\RPCRT4.dll
[0822/155348.493:ERROR:process_memory_win.cc(73)] ReadMemory at 0x7fec5420000 of 64 bytes failed: Seule une partie d’une requête ReadProcessMemory ou WriteProcessMemory a été effectuée. (0x12B)
[0822/155348.493:WARNING:pe_image_reader.cc(340)] could not read dos header from C:\Program Files (x86)\Google\Chrome\Application\84.0.4147.125\chrome.dll
[0822/155348.493:ERROR:process_memory_win.cc(73)] ReadMemory at 0x7feff080000 of 64 bytes failed: Seule une partie d’une requête ReadProcessMemory ou WriteProcessMemory a été effectuée. (0x12B)
[0822/155348.493:WARNING:pe_image_reader.cc(340)] could not read dos header from C:\Windows\system32\WS2_32.dll
[0822/155348.494:ERROR:process_memory_win.cc(73)] ReadMemory at 0x7fefdb10000 of 64 bytes failed: Seule une partie d’une requête ReadProcessMemory ou WriteProcessMemory a été effectuée. (0x12B)
[0822/155348.494:WARNING:pe_image_reader.cc(340)] could not read dos header from C:\Windows\system32\NSI.dll
[0822/155348.494:ERROR:process_memory_win.cc(73)] ReadMemory at 0x7fefb6e0000 of 64 bytes failed: Seule une partie d’une requête ReadProcessMemory ou WriteProcessMemory a été effectuée. (0x12B)
[0822/155348.494:WARNING:pe_image_reader.cc(340)] could not read dos header from C:\Windows\system32\IPHLPAPI.DLL
[0822/155348.494:ERROR:process_memory_win.cc(73)] ReadMemory at 0x7fefb6d0000 of 64 bytes failed: Seule une partie d’une requête ReadProcessMemory ou WriteProcessMemory a été effectuée. (0x12B)
[0822/155348.494:WARNING:pe_image_reader.cc(340)] could not read dos header from C:\Windows\system32\WINNSI.DLL
[0822/155348.494:ERROR:process_memory_win.cc(73)] ReadMemory at 0x7fefda30000 of 64 bytes failed: Seule une partie d’une requête ReadProcessMemory ou WriteProcessMemory a été effectuée. (0x12B)
[0822/155348.494:WARNING:pe_image_reader.cc(340)] could not read dos header from C:\Windows\system32\OLEAUT32.dll
[0822/155348.494:ERROR:process_memory_win.cc(73)] ReadMemory at 0x7fefe8b0000 of 64 bytes failed: Seule une partie d’une requête ReadProcessMemory ou WriteProcessMemory a été effectuée. (0x12B)
[0822/155348.494:WARNING:pe_image_reader.cc(340)] could not read dos header from C:\Windows\system32\ole32.dll
[0822/155348.494:ERROR:process_memory_win.cc(73)] ReadMemory at 0x7fefb9f0000 of 64 bytes failed: Seule une partie d’une requête ReadProcessMemory ou WriteProcessMemory a été effectuée. (0x12B)
[0822/155348.494:WARNING:pe_image_reader.cc(340)] could not read dos header from C:\Windows\system32\WINMM.dll
[0822/155348.494:ERROR:process_memory_win.cc(73)] ReadMemory at 0x7fefcf10000 of 64 bytes failed: Seule une partie d’une requête ReadProcessMemory ou WriteProcessMemory a été effectuée. (0x12B)
[0822/155348.494:WARNING:pe_image_reader.cc(340)] could not read dos header from C:\Windows\system32\Secur32.dll
[0822/155348.494:ERROR:process_memory_win.cc(73)] ReadMemory at 0x7fefcf40000 of 64 bytes failed: Seule une partie d’une requête ReadProcessMemory ou WriteProcessMemory a été effectuée. (0x12B)
[0822/155348.494:WARNING:pe_image_reader.cc(340)] could not read dos header from C:\Windows\system32\SSPICLI.DLL
[0822/155348.494:ERROR:process_memory_win.cc(73)] ReadMemory at 0x7fefd270000 of 64 bytes failed: Seule une partie d’une requête ReadProcessMemory ou WriteProcessMemory a été effectuée. (0x12B)
[0822/155348.494:WARNING:pe_image_reader.cc(340)] could not read dos header from C:\Windows\system32\USERENV.dll
[0822/155348.494:ERROR:process_memory_win.cc(73)] ReadMemory at 0x7fefd130000 of 64 bytes failed: Seule une partie d’une requête ReadProcessMemory ou WriteProcessMemory a été effectuée. (0x12B)
[0822/155348.494:WARNING:pe_image_reader.cc(340)] could not read dos header from C:\Windows\system32\profapi.dll
[0822/155348.494:ERROR:process_memory_win.cc(73)] ReadMemory at 0x7fefd310000 of 64 bytes failed: Seule une partie d’une requête ReadProcessMemory ou WriteProcessMemory a été effectuée. (0x12B)
[0822/155348.494:WARNING:pe_image_reader.cc(340)] could not read dos header from C:\Windows\system32\WINTRUST.dll
[0822/155348.494:ERROR:process_memory_win.cc(73)] ReadMemory at 0x7fefd370000 of 64 bytes failed: Seule une partie d’une requête ReadProcessMemory ou WriteProcessMemory a été effectuée. (0x12B)
[0822/155348.495:WARNING:pe_image_reader.cc(340)] could not read dos header from C:\Windows\system32\CRYPT32.dll
[0822/155348.495:ERROR:process_memory_win.cc(73)] ReadMemory at 0x7fefd140000 of 64 bytes failed: Seule une partie d’une requête ReadProcessMemory ou WriteProcessMemory a été effectuée. (0x12B)
[0822/155348.495:WARNING:pe_image_reader.cc(340)] could not read dos header from C:\Windows\system32\MSASN1.dll
[0822/155348.495:ERROR:process_memory_win.cc(73)] ReadMemory at 0x7fed2c30000 of 64 bytes failed: Seule une partie d’une requête ReadProcessMemory ou WriteProcessMemory a été effectuée. (0x12B)
[0822/155348.495:WARNING:pe_image_reader.cc(340)] could not read dos header from C:\Windows\system32\UIAutomationCore.DLL
[0822/155348.495:ERROR:process_memory_win.cc(73)] ReadMemory at 0x1f0000 of 64 bytes failed: Seule une partie d’une requête ReadProcessMemory ou WriteProcessMemory a été effectuée. (0x12B)
[0822/155348.495:WARNING:pe_image_reader.cc(340)] could not read dos header from C:\Windows\system32\PSAPI.DLL
[0822/155348.495:ERROR:process_memory_win.cc(73)] ReadMemory at 0x7fef8da0000 of 64 bytes failed: Seule une partie d’une requête ReadProcessMemory ou WriteProcessMemory a été effectuée. (0x12B)
[0822/155348.495:WARNING:pe_image_reader.cc(340)] could not read dos header from C:\Windows\system32\OLEACC.dll
[0822/155348.495:ERROR:process_memory_win.cc(73)] ReadMemory at 0x7fee0e80000 of 64 bytes failed: Seule une partie d’une requête ReadProcessMemory ou WriteProcessMemory a été effectuée. (0x12B)
[0822/155348.495:WARNING:pe_image_reader.cc(340)] could not read dos header from C:\Windows\system32\DWrite.dll
[0822/155348.495:ERROR:process_memory_win.cc(73)] ReadMemory at 0x7fef9360000 of 64 bytes failed: Seule une partie d’une requête ReadProcessMemory ou WriteProcessMemory a été effectuée. (0x12B)
[0822/155348.495:WARNING:pe_image_reader.cc(340)] could not read dos header from C:\Windows\system32\WINSPOOL.DRV
[0822/155348.495:ERROR:process_memory_win.cc(73)] ReadMemory at 0x7fef6210000 of 64 bytes failed: Seule une partie d’une requête ReadProcessMemory ou WriteProcessMemory a été effectuée. (0x12B)
[0822/155348.495:WARNING:pe_image_reader.cc(340)] could not read dos header from C:\Windows\system32\dbghelp.dll
[0822/155348.495:ERROR:process_memory_win.cc(73)] ReadMemory at 0x7fef6c00000 of 64 bytes failed: Seule une partie d’une requête ReadProcessMemory ou WriteProcessMemory a été effectuée. (0x12B)
[0822/155348.495:WARNING:pe_image_reader.cc(340)] could not read dos header from C:\Windows\system32\WINHTTP.dll
[0822/155348.495:ERROR:process_memory_win.cc(73)] ReadMemory at 0x7fef6b90000 of 64 bytes failed: Seule une partie d’une requête ReadProcessMemory ou WriteProcessMemory a été effectuée. (0x12B)
[0822/155348.495:WARNING:pe_image_reader.cc(340)] could not read dos header from C:\Windows\system32\webio.dll
[0822/155348.495:ERROR:process_memory_win.cc(73)] ReadMemory at 0x7fef8730000 of 64 bytes failed: Seule une partie d’une requête ReadProcessMemory ou WriteProcessMemory a été effectuée. (0x12B)
[0822/155348.495:WARNING:pe_image_reader.cc(340)] could not read dos header from C:\Windows\system32\dhcpcsvc.DLL
[0822/155348.495:ERROR:process_memory_win.cc(73)] ReadMemory at 0x7fefdb20000 of 64 bytes failed: Seule une partie d’une requête ReadProcessMemory ou WriteProcessMemory a été effectuée. (0x12B)
[0822/155348.495:WARNING:pe_image_reader.cc(340)] could not read dos header from C:\Windows\system32\SHELL32.dll
[0822/155348.495:ERROR:process_memory_win.cc(73)] ReadMemory at 0x7fefd750000 of 64 bytes failed: Seule une partie d’une requête ReadProcessMemory ou WriteProcessMemory a été effectuée. (0x12B)
[0822/155348.495:WARNING:pe_image_reader.cc(340)] could not read dos header from C:\Windows\system32\SHLWAPI.dll
[0822/155348.495:ERROR:process_memory_win.cc(73)] ReadMemory at 0x7fefcfd0000 of 64 bytes failed: Seule une partie d’une requête ReadProcessMemory ou WriteProcessMemory a été effectuée. (0x12B)
[0822/155348.495:WARNING:pe_image_reader.cc(340)] could not read dos header from C:\Windows\system32\cryptbase.dll
[0822/155348.496:ERROR:process_memory_win.cc(73)] ReadMemory at 0x7fefa2b0000 of 64 bytes failed: Seule une partie d’une requête ReadProcessMemory ou WriteProcessMemory a été effectuée. (0x12B)
[0822/155348.496:WARNING:pe_image_reader.cc(340)] could not read dos header from C:\Windows\system32\uxtheme.dll
[0822/155348.502:ERROR:process_memory_win.cc(73)] ReadMemory at 0x13ff80000 of 64 bytes failed: Seule une partie d’une requête ReadProcessMemory ou WriteProcessMemory a été effectuée. (0x12B)
[0822/155348.502:WARNING:pe_image_reader.cc(340)] could not read dos header from C:\Program Files (x86)\Google\Chrome\Application\chrome.exe
[0822/155348.502:ERROR:process_memory_win.cc(73)] ReadMemory at 0x775e0000 of 64 bytes failed: Seule une partie d’une requête ReadProcessMemory ou WriteProcessMemory a été effectuée. (0x12B)
[0822/155348.502:WARNING:pe_image_reader.cc(340)] could not read dos header from C:\Windows\SYSTEM32\ntdll.dll
[0822/155348.502:ERROR:process_memory_win.cc(73)] ReadMemory at 0x774c0000 of 64 bytes failed: Seule une partie d’une requête ReadProcessMemory ou WriteProcessMemory a été effectuée. (0x12B)
[0822/155348.502:WARNING:pe_image_reader.cc(340)] could not read dos header from C:\Windows\system32\KERNEL32.dll
[0822/155348.502:ERROR:process_memory_win.cc(73)] ReadMemory at 0x7fefd290000 of 64 bytes failed: Seule une partie d’une requête ReadProcessMemory ou WriteProcessMemory a été effectuée. (0x12B)
[0822/155348.503:WARNING:pe_image_reader.cc(340)] could not read dos header from C:\Windows\system32\KERNELBASE.dll
[0822/155348.503:ERROR:process_memory_win.cc(73)] ReadMemory at 0x7fed2cf0000 of 64 bytes failed: Seule une partie d’une requête ReadProcessMemory ou WriteProcessMemory a été effectuée. (0x12B)
[0822/155348.503:WARNING:pe_image_reader.cc(340)] could not read dos header from C:\Program Files (x86)\Google\Chrome\Application\84.0.4147.125\chrome_elf.dll
[0822/155348.503:ERROR:process_memory_win.cc(73)] ReadMemory at 0x7fefc570000 of 64 bytes failed: Seule une partie d’une requête ReadProcessMemory ou WriteProcessMemory a été effectuée. (0x12B)
[0822/155348.503:WARNING:pe_image_reader.cc(340)] could not read dos header from C:\Windows\system32\VERSION.dll
[0822/155348.503:ERROR:process_memory_win.cc(73)] ReadMemory at 0x7fefd680000 of 64 bytes failed: Seule une partie d’une requête ReadProcessMemory ou WriteProcessMemory a été effectuée. (0x12B)
[0822/155348.503:WARNING:pe_image_reader.cc(340)] could not read dos header from C:\Windows\system32\msvcrt.dll
[0822/155348.503:ERROR:process_memory_win.cc(73)] ReadMemory at 0x7fefc400000 of 64 bytes failed: Seule une partie d’une requête ReadProcessMemory ou WriteProcessMemory a été effectuée. (0x12B)
[0822/155348.503:WARNING:pe_image_reader.cc(340)] could not read dos header from C:\Windows\system32\api-ms-win-core-synch-l1-2-0.DLL
[0822/155348.503:ERROR:process_memory_win.cc(73)] ReadMemory at 0x7feff3b0000 of 64 bytes failed: Seule une partie d’une requête ReadProcessMemory ou WriteProcessMemory a été effectuée. (0x12B)
[0822/155348.503:WARNING:pe_image_reader.cc(340)] could not read dos header from C:\Windows\system32\GDI32.dll
[0822/155348.503:ERROR:process_memory_win.cc(73)] ReadMemory at 0x773c0000 of 64 bytes failed: Seule une partie d’une requête ReadProcessMemory ou WriteProcessMemory a été effectuée. (0x12B)
[0822/155348.503:WARNING:pe_image_reader.cc(340)] could not read dos header from C:\Windows\system32\USER32.dll
[0822/155348.503:ERROR:process_memory_win.cc(73)] ReadMemory at 0x7feff0d0000 of 64 bytes failed: Seule une partie d’une requête ReadProcessMemory ou WriteProcessMemory a été effectuée. (0x12B)
[0822/155348.503:WARNING:pe_image_reader.cc(340)] could not read dos header from C:\Windows\system32\LPK.dll
[0822/155348.503:ERROR:process_memory_win.cc(73)] ReadMemory at 0x7fefd960000 of 64 bytes failed: Seule une partie d’une requête ReadProcessMemory ou WriteProcessMemory a été effectuée. (0x12B)
[0822/155348.503:WARNING:pe_image_reader.cc(340)] could not read dos header from C:\Windows\system32\USP10.dll
[0822/155348.503:ERROR:process_memory_win.cc(73)] ReadMemory at 0x7fefd720000 of 64 bytes failed: Seule une partie d’une requête ReadProcessMemory ou WriteProcessMemory a été effectuée. (0x12B)
[0822/155348.503:WARNING:pe_image_reader.cc(340)] could not read dos header from C:\Windows\system32\IMM32.DLL
[0822/155348.503:ERROR:process_memory_win.cc(73)] ReadMemory at 0x7fefeef0000 of 64 bytes failed: Seule une partie d’une requête ReadProcessMemory ou WriteProcessMemory a été effectuée. (0x12B)
[0822/155348.503:WARNING:pe_image_reader.cc(340)] could not read dos header from C:\Windows\system32\MSCTF.dll
[0822/155348.503:ERROR:process_memory_win.cc(73)] ReadMemory at 0x7fefec30000 of 64 bytes failed: Seule une partie d’une requête ReadProcessMemory ou WriteProcessMemory a été effectuée. (0x12B)
[0822/155348.504:WARNING:pe_image_reader.cc(340)] could not read dos header from C:\Windows\system32\ADVAPI32.dll
[0822/155348.504:ERROR:process_memory_win.cc(73)] ReadMemory at 0x7fefeab0000 of 64 bytes failed: Seule une partie d’une requête ReadProcessMemory ou WriteProcessMemory a été effectuée. (0x12B)
[0822/155348.504:WARNING:pe_image_reader.cc(340)] could not read dos header from C:\Windows\SYSTEM32\sechost.dll
[0822/155348.504:ERROR:process_memory_win.cc(73)] ReadMemory at 0x7fefd4f0000 of 64 bytes failed: Seule une partie d’une requête ReadProcessMemory ou WriteProcessMemory a été effectuée. (0x12B)
[0822/155348.504:WARNING:pe_image_reader.cc(340)] could not read dos header from C:\Windows\system32\RPCRT4.dll
[0822/155348.504:ERROR:process_memory_win.cc(73)] ReadMemory at 0x7fec5420000 of 64 bytes failed: Seule une partie d’une requête ReadProcessMemory ou WriteProcessMemory a été effectuée. (0x12B)
[0822/155348.504:WARNING:pe_image_reader.cc(340)] could not read dos header from C:\Program Files (x86)\Google\Chrome\Application\84.0.4147.125\chrome.dll
[0822/155348.504:ERROR:process_memory_win.cc(73)] ReadMemory at 0x7feff080000 of 64 bytes failed: Seule une partie d’une requête ReadProcessMemory ou WriteProcessMemory a été effectuée. (0x12B)
[0822/155348.504:WARNING:pe_image_reader.cc(340)] could not read dos header from C:\Windows\system32\WS2_32.dll
[0822/155348.504:ERROR:process_memory_win.cc(73)] ReadMemory at 0x7fefdb10000 of 64 bytes failed: Seule une partie d’une requête ReadProcessMemory ou WriteProcessMemory a été effectuée. (0x12B)
[0822/155348.504:WARNING:pe_image_reader.cc(340)] could not read dos header from C:\Windows\system32\NSI.dll
[0822/155348.504:ERROR:process_memory_win.cc(73)] ReadMemory at 0x7fefb6e0000 of 64 bytes failed: Seule une partie d’une requête ReadProcessMemory ou WriteProcessMemory a été effectuée. (0x12B)
[0822/155348.504:WARNING:pe_image_reader.cc(340)] could not read dos header from C:\Windows\system32\IPHLPAPI.DLL
[0822/155348.504:ERROR:process_memory_win.cc(73)] ReadMemory at 0x7fefb6d0000 of 64 bytes failed: Seule une partie d’une requête ReadProcessMemory ou WriteProcessMemory a été effectuée. (0x12B)
[0822/155348.504:WARNING:pe_image_reader.cc(340)] could not read dos header from C:\Windows\system32\WINNSI.DLL
[0822/155348.504:ERROR:process_memory_win.cc(73)] ReadMemory at 0x7fefda30000 of 64 bytes failed: Seule une partie d’une requête ReadProcessMemory ou WriteProcessMemory a été effectuée. (0x12B)
[0822/155348.504:WARNING:pe_image_reader.cc(340)] could not read dos header from C:\Windows\system32\OLEAUT32.dll
[0822/155348.504:ERROR:process_memory_win.cc(73)] ReadMemory at 0x7fefe8b0000 of 64 bytes failed: Seule une partie d’une requête ReadProcessMemory ou WriteProcessMemory a été effectuée. (0x12B)
[0822/155348.504:WARNING:pe_image_reader.cc(340)] could not read dos header from C:\Windows\system32\ole32.dll
[0822/155348.505:ERROR:process_memory_win.cc(73)] ReadMemory at 0x7fefb9f0000 of 64 bytes failed: Seule une partie d’une requête ReadProcessMemory ou WriteProcessMemory a été effectuée. (0x12B)
[0822/155348.505:WARNING:pe_image_reader.cc(340)] could not read dos header from C:\Windows\system32\WINMM.dll
[0822/155348.505:ERROR:process_memory_win.cc(73)] ReadMemory at 0x7fefcf10000 of 64 bytes failed: Seule une partie d’une requête ReadProcessMemory ou WriteProcessMemory a été effectuée. (0x12B)
[0822/155348.505:WARNING:pe_image_reader.cc(340)] could not read dos header from C:\Windows\system32\Secur32.dll
[0822/155348.505:ERROR:process_memory_win.cc(73)] ReadMemory at 0x7fefcf40000 of 64 bytes failed: Seule une partie d’une requête ReadProcessMemory ou WriteProcessMemory a été effectuée. (0x12B)
[0822/155348.505:WARNING:pe_image_reader.cc(340)] could not read dos header from C:\Windows\system32\SSPICLI.DLL
[0822/155348.505:ERROR:process_memory_win.cc(73)] ReadMemory at 0x7fefd270000 of 64 bytes failed: Seule une partie d’une requête ReadProcessMemory ou WriteProcessMemory a été effectuée. (0x12B)
[0822/155348.505:WARNING:pe_image_reader.cc(340)] could not read dos header from C:\Windows\system32\USERENV.dll
[0822/155348.505:ERROR:process_memory_win.cc(73)] ReadMemory at 0x7fefd130000 of 64 bytes failed: Seule une partie d’une requête ReadProcessMemory ou WriteProcessMemory a été effectuée. (0x12B)
[0822/155348.505:WARNING:pe_image_reader.cc(340)] could not read dos header from C:\Windows\system32\profapi.dll
[0822/155348.505:ERROR:process_memory_win.cc(73)] ReadMemory at 0x7fefd310000 of 64 bytes failed: Seule une partie d’une requête ReadProcessMemory ou WriteProcessMemory a été effectuée. (0x12B)
[0822/155348.505:WARNING:pe_image_reader.cc(340)] could not read dos header from C:\Windows\system32\WINTRUST.dll
[0822/155348.505:ERROR:process_memory_win.cc(73)] ReadMemory at 0x7fefd370000 of 64 bytes failed: Seule une partie d’une requête ReadProcessMemory ou WriteProcessMemory a été effectuée. (0x12B)
[0822/155348.505:WARNING:pe_image_reader.cc(340)] could not read dos header from C:\Windows\system32\CRYPT32.dll
[0822/155348.505:ERROR:process_memory_win.cc(73)] ReadMemory at 0x7fefd140000 of 64 bytes failed: Seule une partie d’une requête ReadProcessMemory ou WriteProcessMemory a été effectuée. (0x12B)
[0822/155348.505:WARNING:pe_image_reader.cc(340)] could not read dos header from C:\Windows\system32\MSASN1.dll
[0822/155348.505:ERROR:process_memory_win.cc(73)] ReadMemory at 0x7fed2c30000 of 64 bytes failed: Seule une partie d’une requête ReadProcessMemory ou WriteProcessMemory a été effectuée. (0x12B)
[0822/155348.505:WARNING:pe_image_reader.cc(340)] could not read dos header from C:\Windows\system32\UIAutomationCore.DLL
[0822/155348.505:ERROR:process_memory_win.cc(73)] ReadMemory at 0x1f0000 of 64 bytes failed: Seule une partie d’une requête ReadProcessMemory ou WriteProcessMemory a été effectuée. (0x12B)
[0822/155348.505:WARNING:pe_image_reader.cc(340)] could not read dos header from C:\Windows\system32\PSAPI.DLL
[0822/155348.505:ERROR:process_memory_win.cc(73)] ReadMemory at 0x7fef8da0000 of 64 bytes failed: Seule une partie d’une requête ReadProcessMemory ou WriteProcessMemory a été effectuée. (0x12B)
[0822/155348.505:WARNING:pe_image_reader.cc(340)] could not read dos header from C:\Windows\system32\OLEACC.dll
[0822/155348.505:ERROR:process_memory_win.cc(73)] ReadMemory at 0x7fee0e80000 of 64 bytes failed: Seule une partie d’une requête ReadProcessMemory ou WriteProcessMemory a été effectuée. (0x12B)
[0822/155348.505:WARNING:pe_image_reader.cc(340)] could not read dos header from C:\Windows\system32\DWrite.dll
[0822/155348.506:ERROR:process_memory_win.cc(73)] ReadMemory at 0x7fef9360000 of 64 bytes failed: Seule une partie d’une requête ReadProcessMemory ou WriteProcessMemory a été effectuée. (0x12B)
[0822/155348.506:WARNING:pe_image_reader.cc(340)] could not read dos header from C:\Windows\system32\WINSPOOL.DRV
[0822/155348.506:ERROR:process_memory_win.cc(73)] ReadMemory at 0x7fef6210000 of 64 bytes failed: Seule une partie d’une requête ReadProcessMemory ou WriteProcessMemory a été effectuée. (0x12B)
[0822/155348.506:WARNING:pe_image_reader.cc(340)] could not read dos header from C:\Windows\system32\dbghelp.dll
[0822/155348.506:ERROR:process_memory_win.cc(73)] ReadMemory at 0x7fef6c00000 of 64 bytes failed: Seule une partie d’une requête ReadProcessMemory ou WriteProcessMemory a été effectuée. (0x12B)
[0822/155348.506:WARNING:pe_image_reader.cc(340)] could not read dos header from C:\Windows\system32\WINHTTP.dll
[0822/155348.506:ERROR:process_memory_win.cc(73)] ReadMemory at 0x7fef6b90000 of 64 bytes failed: Seule une partie d’une requête ReadProcessMemory ou WriteProcessMemory a été effectuée. (0x12B)
[0822/155348.506:WARNING:pe_image_reader.cc(340)] could not read dos header from C:\Windows\system32\webio.dll
[0822/155348.506:ERROR:process_memory_win.cc(73)] ReadMemory at 0x7fef8730000 of 64 bytes failed: Seule une partie d’une requête ReadProcessMemory ou WriteProcessMemory a été effectuée. (0x12B)
[0822/155348.506:WARNING:pe_image_reader.cc(340)] could not read dos header from C:\Windows\system32\dhcpcsvc.DLL
[0822/155348.506:ERROR:process_memory_win.cc(73)] ReadMemory at 0x7fefdb20000 of 64 bytes failed: Seule une partie d’une requête ReadProcessMemory ou WriteProcessMemory a été effectuée. (0x12B)
[0822/155348.506:WARNING:pe_image_reader.cc(340)] could not read dos header from C:\Windows\system32\SHELL32.dll
[0822/155348.506:ERROR:process_memory_win.cc(73)] ReadMemory at 0x7fefd750000 of 64 bytes failed: Seule une partie d’une requête ReadProcessMemory ou WriteProcessMemory a été effectuée. (0x12B)
[0822/155348.506:WARNING:pe_image_reader.cc(340)] could not read dos header from C:\Windows\system32\SHLWAPI.dll
[0822/155348.506:ERROR:process_memory_win.cc(73)] ReadMemory at 0x7fefcfd0000 of 64 bytes failed: Seule une partie d’une requête ReadProcessMemory ou WriteProcessMemory a été effectuée. (0x12B)
[0822/155348.506:WARNING:pe_image_reader.cc(340)] could not read dos header from C:\Windows\system32\cryptbase.dll
[0822/155348.506:ERROR:process_memory_win.cc(73)] ReadMemory at 0x7fefa2b0000 of 64 bytes failed: Seule une partie d’une requête ReadProcessMemory ou WriteProcessMemory a été effectuée. (0x12B)
[0822/155348.506:WARNING:pe_image_reader.cc(340)] could not read dos header from C:\Windows\system32\uxtheme.dll
[0822/155348.506:ERROR:process_memory_win.cc(73)] ReadMemory at 0x13ff80000 of 64 bytes failed: Seule une partie d’une requête ReadProcessMemory ou WriteProcessMemory a été effectuée. (0x12B)
[0822/155348.506:WARNING:pe_image_reader.cc(340)] could not read dos header from C:\Program Files (x86)\Google\Chrome\Application\chrome.exe
[0822/155348.506:ERROR:process_memory_win.cc(73)] ReadMemory at 0x775e0000 of 64 bytes failed: Seule une partie d’une requête ReadProcessMemory ou WriteProcessMemory a été effectuée. (0x12B)
[0822/155348.506:WARNING:pe_image_reader.cc(340)] could not read dos header from C:\Windows\SYSTEM32\ntdll.dll
[0822/155348.507:ERROR:process_memory_win.cc(73)] ReadMemory at 0x774c0000 of 64 bytes failed: Seule une partie d’une requête ReadProcessMemory ou WriteProcessMemory a été effectuée. (0x12B)
[0822/155348.507:WARNING:pe_image_reader.cc(340)] could not read dos header from C:\Windows\system32\KERNEL32.dll
[0822/155348.507:ERROR:process_memory_win.cc(73)] ReadMemory at 0x7fefd290000 of 64 bytes failed: Seule une partie d’une requête ReadProcessMemory ou WriteProcessMemory a été effectuée. (0x12B)
[0822/155348.507:WARNING:pe_image_reader.cc(340)] could not read dos header from C:\Windows\system32\KERNELBASE.dll
[0822/155348.507:ERROR:process_memory_win.cc(73)] ReadMemory at 0x7fed2cf0000 of 64 bytes failed: Seule une partie d’une requête ReadProcessMemory ou WriteProcessMemory a été effectuée. (0x12B)
[0822/155348.507:WARNING:pe_image_reader.cc(340)] could not read dos header from C:\Program Files (x86)\Google\Chrome\Application\84.0.4147.125\chrome_elf.dll
[0822/155348.507:ERROR:process_memory_win.cc(73)] ReadMemory at 0x7fefc570000 of 64 bytes failed: Seule une partie d’une requête ReadProcessMemory ou WriteProcessMemory a été effectuée. (0x12B)
[0822/155348.507:WARNING:pe_image_reader.cc(340)] could not read dos header from C:\Windows\system32\VERSION.dll
[0822/155348.507:ERROR:process_memory_win.cc(73)] ReadMemory at 0x7fefd680000 of 64 bytes failed: Seule une partie d’une requête ReadProcessMemory ou WriteProcessMemory a été effectuée. (0x12B)
[0822/155348.507:WARNING:pe_image_reader.cc(340)] could not read dos header from C:\Windows\system32\msvcrt.dll
[0822/155348.507:ERROR:process_memory_win.cc(73)] ReadMemory at 0x7fefc400000 of 64 bytes failed: Seule une partie d’une requête ReadProcessMemory ou WriteProcessMemory a été effectuée. (0x12B)
[0822/155348.507:WARNING:pe_image_reader.cc(340)] could not read dos header from C:\Windows\system32\api-ms-win-core-synch-l1-2-0.DLL
[0822/155348.507:ERROR:process_memory_win.cc(73)] ReadMemory at 0x7feff3b0000 of 64 bytes failed: Seule une partie d’une requête ReadProcessMemory ou WriteProcessMemory a été effectuée. (0x12B)
[0822/155348.507:WARNING:pe_image_reader.cc(340)] could not read dos header from C:\Windows\system32\GDI32.dll
[0822/155348.507:ERROR:process_memory_win.cc(73)] ReadMemory at 0x773c0000 of 64 bytes failed: Seule une partie d’une requête ReadProcessMemory ou WriteProcessMemory a été effectuée. (0x12B)
[0822/155348.507:WARNING:pe_image_reader.cc(340)] could not read dos header from C:\Windows\system32\USER32.dll
[0822/155348.507:ERROR:process_memory_win.cc(73)] ReadMemory at 0x7feff0d0000 of 64 bytes failed: Seule une partie d’une requête ReadProcessMemory ou WriteProcessMemory a été effectuée. (0x12B)
[0822/155348.507:WARNING:pe_image_reader.cc(340)] could not read dos header from C:\Windows\system32\LPK.dll
[0822/155348.507:ERROR:process_memory_win.cc(73)] ReadMemory at 0x7fefd960000 of 64 bytes failed: Seule une partie d’une requête ReadProcessMemory ou WriteProcessMemory a été effectuée. (0x12B)
[0822/155348.507:WARNING:pe_image_reader.cc(340)] could not read dos header from C:\Windows\system32\USP10.dll
[0822/155348.507:ERROR:process_memory_win.cc(73)] ReadMemory at 0x7fefd720000 of 64 bytes failed: Seule une partie d’une requête ReadProcessMemory ou WriteProcessMemory a été effectuée. (0x12B)
[0822/155348.508:WARNING:pe_image_reader.cc(340)] could not read dos header from C:\Windows\system32\IMM32.DLL
[0822/155348.508:ERROR:process_memory_win.cc(73)] ReadMemory at 0x7fefeef0000 of 64 bytes failed: Seule une partie d’une requête ReadProcessMemory ou WriteProcessMemory a été effectuée. (0x12B)
[0822/155348.508:WARNING:pe_image_reader.cc(340)] could not read dos header from C:\Windows\system32\MSCTF.dll
[0822/155348.508:ERROR:process_memory_win.cc(73)] ReadMemory at 0x7fefec30000 of 64 bytes failed: Seule une partie d’une requête ReadProcessMemory ou WriteProcessMemory a été effectuée. (0x12B)
[0822/155348.508:WARNING:pe_image_reader.cc(340)] could not read dos header from C:\Windows\system32\ADVAPI32.dll
[0822/155348.508:ERROR:process_memory_win.cc(73)] ReadMemory at 0x7fefeab0000 of 64 bytes failed: Seule une partie d’une requête ReadProcessMemory ou WriteProcessMemory a été effectuée. (0x12B)
[0822/155348.508:WARNING:pe_image_reader.cc(340)] could not read dos header from C:\Windows\SYSTEM32\sechost.dll
[0822/155348.508:ERROR:process_memory_win.cc(73)] ReadMemory at 0x7fefd4f0000 of 64 bytes failed: Seule une partie d’une requête ReadProcessMemory ou WriteProcessMemory a été effectuée. (0x12B)
[0822/155348.508:WARNING:pe_image_reader.cc(340)] could not read dos header from C:\Windows\system32\RPCRT4.dll
[0822/155348.508:ERROR:process_memory_win.cc(73)] ReadMemory at 0x7fec5420000 of 64 bytes failed: Seule une partie d’une requête ReadProcessMemory ou WriteProcessMemory a été effectuée. (0x12B)
[0822/155348.508:WARNING:pe_image_reader.cc(340)] could not read dos header from C:\Program Files (x86)\Google\Chrome\Application\84.0.4147.125\chrome.dll
[0822/155348.508:ERROR:process_memory_win.cc(73)] ReadMemory at 0x7feff080000 of 64 bytes failed: Seule une partie d’une requête ReadProcessMemory ou WriteProcessMemory a été effectuée. (0x12B)
[0822/155348.508:WARNING:pe_image_reader.cc(340)] could not read dos header from C:\Windows\system32\WS2_32.dll
[0822/155348.508:ERROR:process_memory_win.cc(73)] ReadMemory at 0x7fefdb10000 of 64 bytes failed: Seule une partie d’une requête ReadProcessMemory ou WriteProcessMemory a été effectuée. (0x12B)
[0822/155348.508:WARNING:pe_image_reader.cc(340)] could not read dos header from C:\Windows\system32\NSI.dll
[0822/155348.508:ERROR:process_memory_win.cc(73)] ReadMemory at 0x7fefb6e0000 of 64 bytes failed: Seule une partie d’une requête ReadProcessMemory ou WriteProcessMemory a été effectuée. (0x12B)
[0822/155348.508:WARNING:pe_image_reader.cc(340)] could not read dos header from C:\Windows\system32\IPHLPAPI.DLL
[0822/155348.508:ERROR:process_memory_win.cc(73)] ReadMemory at 0x7fefb6d0000 of 64 bytes failed: Seule une partie d’une requête ReadProcessMemory ou WriteProcessMemory a été effectuée. (0x12B)
[0822/155348.508:WARNING:pe_image_reader.cc(340)] could not read dos header from C:\Windows\system32\WINNSI.DLL
[0822/155348.508:ERROR:process_memory_win.cc(73)] ReadMemory at 0x7fefda30000 of 64 bytes failed: Seule une partie d’une requête ReadProcessMemory ou WriteProcessMemory a été effectuée. (0x12B)
[0822/155348.508:WARNING:pe_image_reader.cc(340)] could not read dos header from C:\Windows\system32\OLEAUT32.dll
[0822/155348.508:ERROR:process_memory_win.cc(73)] ReadMemory at 0x7fefe8b0000 of 64 bytes failed: Seule une partie d’une requête ReadProcessMemory ou WriteProcessMemory a été effectuée. (0x12B)
[0822/155348.508:WARNING:pe_image_reader.cc(340)] could not read dos header from C:\Windows\system32\ole32.dll
[0822/155348.509:ERROR:process_memory_win.cc(73)] ReadMemory at 0x7fefb9f0000 of 64 bytes failed: Seule une partie d’une requête ReadProcessMemory ou WriteProcessMemory a été effectuée. (0x12B)
[0822/155348.509:WARNING:pe_image_reader.cc(340)] could not read dos header from C:\Windows\system32\WINMM.dll
[0822/155348.509:ERROR:process_memory_win.cc(73)] ReadMemory at 0x7fefcf10000 of 64 bytes failed: Seule une partie d’une requête ReadProcessMemory ou WriteProcessMemory a été effectuée. (0x12B)
[0822/155348.509:WARNING:pe_image_reader.cc(340)] could not read dos header from C:\Windows\system32\Secur32.dll
[0822/155348.509:ERROR:process_memory_win.cc(73)] ReadMemory at 0x7fefcf40000 of 64 bytes failed: Seule une partie d’une requête ReadProcessMemory ou WriteProcessMemory a été effectuée. (0x12B)
[0822/155348.509:WARNING:pe_image_reader.cc(340)] could not read dos header from C:\Windows\system32\SSPICLI.DLL
[0822/155348.509:ERROR:process_memory_win.cc(73)] ReadMemory at 0x7fefd270000 of 64 bytes failed: Seule une partie d’une requête ReadProcessMemory ou WriteProcessMemory a été effectuée. (0x12B)
[0822/155348.509:WARNING:pe_image_reader.cc(340)] could not read dos header from C:\Windows\system32\USERENV.dll
[0822/155348.509:ERROR:process_memory_win.cc(73)] ReadMemory at 0x7fefd130000 of 64 bytes failed: Seule une partie d’une requête ReadProcessMemory ou WriteProcessMemory a été effectuée. (0x12B)
[0822/155348.509:WARNING:pe_image_reader.cc(340)] could not read dos header from C:\Windows\system32\profapi.dll
[0822/155348.509:ERROR:process_memory_win.cc(73)] ReadMemory at 0x7fefd310000 of 64 bytes failed: Seule une partie d’une requête ReadProcessMemory ou WriteProcessMemory a été effectuée. (0x12B)
[0822/155348.509:WARNING:pe_image_reader.cc(340)] could not read dos header from C:\Windows\system32\WINTRUST.dll
[0822/155348.509:ERROR:process_memory_win.cc(73)] ReadMemory at 0x7fefd370000 of 64 bytes failed: Seule une partie d’une requête ReadProcessMemory ou WriteProcessMemory a été effectuée. (0x12B)
[0822/155348.509:WARNING:pe_image_reader.cc(340)] could not read dos header from C:\Windows\system32\CRYPT32.dll
[0822/155348.509:ERROR:process_memory_win.cc(73)] ReadMemory at 0x7fefd140000 of 64 bytes failed: Seule une partie d’une requête ReadProcessMemory ou WriteProcessMemory a été effectuée. (0x12B)
[0822/155348.509:WARNING:pe_image_reader.cc(340)] could not read dos header from C:\Windows\system32\MSASN1.dll
[0822/155348.509:ERROR:process_memory_win.cc(73)] ReadMemory at 0x7fed2c30000 of 64 bytes failed: Seule une partie d’une requête ReadProcessMemory ou WriteProcessMemory a été effectuée. (0x12B)
[0822/155348.509:WARNING:pe_image_reader.cc(340)] could not read dos header from C:\Windows\system32\UIAutomationCore.DLL
[0822/155348.509:ERROR:process_memory_win.cc(73)] ReadMemory at 0x1f0000 of 64 bytes failed: Seule une partie d’une requête ReadProcessMemory ou WriteProcessMemory a été effectuée. (0x12B)
[0822/155348.509:WARNING:pe_image_reader.cc(340)] could not read dos header from C:\Windows\system32\PSAPI.DLL
[0822/155348.509:ERROR:process_memory_win.cc(73)] ReadMemory at 0x7fef8da0000 of 64 bytes failed: Seule une partie d’une requête ReadProcessMemory ou WriteProcessMemory a été effectuée. (0x12B)
[0822/155348.509:WARNING:pe_image_reader.cc(340)] could not read dos header from C:\Windows\system32\OLEACC.dll
[0822/155348.509:ERROR:process_memory_win.cc(73)] ReadMemory at 0x7fee0e80000 of 64 bytes failed: Seule une partie d’une requête ReadProcessMemory ou WriteProcessMemory a été effectuée. (0x12B)
[0822/155348.509:WARNING:pe_image_reader.cc(340)] could not read dos header from C:\Windows\system32\DWrite.dll
[0822/155348.510:ERROR:process_memory_win.cc(73)] ReadMemory at 0x7fef9360000 of 64 bytes failed: Seule une partie d’une requête ReadProcessMemory ou WriteProcessMemory a été effectuée. (0x12B)
[0822/155348.510:WARNING:pe_image_reader.cc(340)] could not read dos header from C:\Windows\system32\WINSPOOL.DRV
[0822/155348.510:ERROR:process_memory_win.cc(73)] ReadMemory at 0x7fef6210000 of 64 bytes failed: Seule une partie d’une requête ReadProcessMemory ou WriteProcessMemory a été effectuée. (0x12B)
[0822/155348.510:WARNING:pe_image_reader.cc(340)] could not read dos header from C:\Windows\system32\dbghelp.dll
[0822/155348.510:ERROR:process_memory_win.cc(73)] ReadMemory at 0x7fef6c00000 of 64 bytes failed: Seule une partie d’une requête ReadProcessMemory ou WriteProcessMemory a été effectuée. (0x12B)
[0822/155348.510:WARNING:pe_image_reader.cc(340)] could not read dos header from C:\Windows\system32\WINHTTP.dll
[0822/155348.510:ERROR:process_memory_win.cc(73)] ReadMemory at 0x7fef6b90000 of 64 bytes failed: Seule une partie d’une requête ReadProcessMemory ou WriteProcessMemory a été effectuée. (0x12B)
[0822/155348.510:WARNING:pe_image_reader.cc(340)] could not read dos header from C:\Windows\system32\webio.dll
[0822/155348.510:ERROR:process_memory_win.cc(73)] ReadMemory at 0x7fef8730000 of 64 bytes failed: Seule une partie d’une requête ReadProcessMemory ou WriteProcessMemory a été effectuée. (0x12B)
[0822/155348.510:WARNING:pe_image_reader.cc(340)] could not read dos header from C:\Windows\system32\dhcpcsvc.DLL
[0822/155348.510:ERROR:process_memory_win.cc(73)] ReadMemory at 0x7fefdb20000 of 64 bytes failed: Seule une partie d’une requête ReadProcessMemory ou WriteProcessMemory a été effectuée. (0x12B)
[0822/155348.510:WARNING:pe_image_reader.cc(340)] could not read dos header from C:\Windows\system32\SHELL32.dll
[0822/155348.511:ERROR:process_memory_win.cc(73)] ReadMemory at 0x7fefd750000 of 64 bytes failed: Seule une partie d’une requête ReadProcessMemory ou WriteProcessMemory a été effectuée. (0x12B)
[0822/155348.511:WARNING:pe_image_reader.cc(340)] could not read dos header from C:\Windows\system32\SHLWAPI.dll
[0822/155348.511:ERROR:process_memory_win.cc(73)] ReadMemory at 0x7fefcfd0000 of 64 bytes failed: Seule une partie d’une requête ReadProcessMemory ou WriteProcessMemory a été effectuée. (0x12B)
[0822/155348.511:WARNING:pe_image_reader.cc(340)] could not read dos header from C:\Windows\system32\cryptbase.dll
[0822/155348.511:ERROR:process_memory_win.cc(73)] ReadMemory at 0x7fefa2b0000 of 64 bytes failed: Seule une partie d’une requête ReadProcessMemory ou WriteProcessMemory a été effectuée. (0x12B)
[0822/155348.511:WARNING:pe_image_reader.cc(340)] could not read dos header from C:\Windows\system32\uxtheme.dll
[0822/155348.523:ERROR:process_memory_win.cc(73)] ReadMemory at 0x9f5000 of 45056 bytes failed: Seule une partie d’une requête ReadProcessMemory ou WriteProcessMemory a été effectuée. (0x12B)
[0822/155348.524:ERROR:process_memory_win.cc(73)] ReadMemory at 0x383d000 of 12288 bytes failed: Seule une partie d’une requête ReadProcessMemory ou WriteProcessMemory a été effectuée. (0x12B)
[0822/155348.524:ERROR:process_memory_win.cc(73)] ReadMemory at 0x408c000 of 16384 bytes failed: Seule une partie d’une requête ReadProcessMemory ou WriteProcessMemory a été effectuée. (0x12B)
[0822/155348.524:ERROR:process_memory_win.cc(73)] ReadMemory at 0x49dc000 of 16384 bytes failed: Seule une partie d’une requête ReadProcessMemory ou WriteProcessMemory a été effectuée. (0x12B)
[0822/155348.524:ERROR:process_memory_win.cc(73)] ReadMemory at 0x51fc000 of 16384 bytes failed: Seule une partie d’une requête ReadProcessMemory ou WriteProcessMemory a été effectuée. (0x12B)
[0822/155348.524:ERROR:process_memory_win.cc(73)] ReadMemory at 0x59ff000 of 4096 bytes failed: Seule une partie d’une requête ReadProcessMemory ou WriteProcessMemory a été effectuée. (0x12B)
[0822/155348.524:ERROR:process_memory_win.cc(73)] ReadMemory at 0xb51320 of 5334 bytes failed: Seule une partie d’une requête ReadProcessMemory ou WriteProcessMemory a été effectuée. (0x12B)
[0822/155348.524:ERROR:process_memory_win.cc(73)] ReadMemory at 0xb52800 of 1012 bytes failed: Seule une partie d’une requête ReadProcessMemory ou WriteProcessMemory a été effectuée. (0x12B)
[0822/155348.524:ERROR:process_memory_win.cc(73)] ReadMemory at 0xb52e08 of 1216 bytes failed: Seule une partie d’une requête ReadProcessMemory ou WriteProcessMemory a été effectuée. (0x12B)
[0822/155348.525:ERROR:process_memory_win.cc(73)] ReadMemory at 0xb532ca of 118 bytes failed: Seule une partie d’une requête ReadProcessMemory ou WriteProcessMemory a été effectuée. (0x12B)
[0822/155348.526:ERROR:process_memory_win.cc(73)] ReadMemory at 0xb53342 of 1176 bytes failed: Seule une partie d’une requête ReadProcessMemory ou WriteProcessMemory a été effectuée. (0x12B)
[0822/155348.526:ERROR:process_memory_win.cc(73)] ReadMemory at 0xb537dc of 118 bytes failed: Seule une partie d’une requête ReadProcessMemory ou WriteProcessMemory a été effectuée. (0x12B)
[0822/155348.526:ERROR:process_memory_win.cc(73)] ReadMemory at 0xb53854 of 96 bytes failed: Seule une partie d’une requête ReadProcessMemory ou WriteProcessMemory a été effectuée. (0x12B)
[0822/155348.526:ERROR:process_memory_win.cc(73)] ReadMemory at 0xb538c0 of 58 bytes failed: Seule une partie d’une requête ReadProcessMemory ou WriteProcessMemory a été effectuée. (0x12B)
[0822/155348.526:ERROR:process_memory_win.cc(73)] ReadMemory at 0xb53950 of 132 bytes failed: Seule une partie d’une requête ReadProcessMemory ou WriteProcessMemory a été effectuée. (0x12B)
[0822/155348.526:ERROR:process_memory_win.cc(73)] ReadMemory at 0xb53a40 of 132 bytes failed: Seule une partie d’une requête ReadProcessMemory ou WriteProcessMemory a été effectuée. (0x12B)
[0822/155348.526:ERROR:process_memory_win.cc(73)] ReadMemory at 0xb53b58 of 126 bytes failed: Seule une partie d’une requête ReadProcessMemory ou WriteProcessMemory a été effectuée. (0x12B)
[0822/155348.526:ERROR:process_memory_win.cc(73)] ReadMemory at 0xb53e40 of 132 bytes failed: Seule une partie d’une requête ReadProcessMemory ou WriteProcessMemory a été effectuée. (0x12B)
[0822/155348.526:ERROR:process_memory_win.cc(73)] ReadMemory at 0xb53f30 of 132 bytes failed: Seule une partie d’une requête ReadProcessMemory ou WriteProcessMemory a été effectuée. (0x12B)
[0822/155348.526:ERROR:process_memory_win.cc(73)] ReadMemory at 0xb54230 of 64 bytes failed: Seule une partie d’une requête ReadProcessMemory ou WriteProcessMemory a été effectuée. (0x12B)
[0822/155348.526:ERROR:process_memory_win.cc(73)] ReadMemory at 0xb542b0 of 68 bytes failed: Seule une partie d’une requête ReadProcessMemory ou WriteProcessMemory a été effectuée. (0x12B)
[0822/155348.526:ERROR:process_memory_win.cc(73)] ReadMemory at 0xb94aa0 of 132 bytes failed: Seule une partie d’une requête ReadProcessMemory ou WriteProcessMemory a été effectuée. (0x12B)
[0822/155348.526:ERROR:process_memory_win.cc(73)] ReadMemory at 0xb94ca0 of 154 bytes failed: Seule une partie d’une requête ReadProcessMemory ou WriteProcessMemory a été effectuée. (0x12B)
[0822/155348.527:ERROR:process_memory_win.cc(73)] ReadMemory at 0xb952b0 of 132 bytes failed: Seule une partie d’une requête ReadProcessMemory ou WriteProcessMemory a été effectuée. (0x12B)
[0822/155348.527:ERROR:process_memory_win.cc(73)] ReadMemory at 0xb95980 of 132 bytes failed: Seule une partie d’une requête ReadProcessMemory ou WriteProcessMemory a été effectuée. (0x12B)
[0822/155348.527:ERROR:process_memory_win.cc(73)] ReadMemory at 0xb95ca0 of 104 bytes failed: Seule une partie d’une requête ReadProcessMemory ou WriteProcessMemory a été effectuée. (0x12B)
[0822/155348.527:ERROR:process_memory_win.cc(73)] ReadMemory at 0xb95d20 of 132 bytes failed: Seule une partie d’une requête ReadProcessMemory ou WriteProcessMemory a été effectuée. (0x12B)
[0822/155348.527:ERROR:process_memory_win.cc(73)] ReadMemory at 0xb970a0 of 62 bytes failed: Seule une partie d’une requête ReadProcessMemory ou WriteProcessMemory a été effectuée. (0x12B)
[0822/155348.527:ERROR:process_memory_win.cc(73)] ReadMemory at 0xb970f0 of 60 bytes failed: Seule une partie d’une requête ReadProcessMemory ou WriteProcessMemory a été effectuée. (0x12B)
[0822/155348.527:ERROR:process_memory_win.cc(73)] ReadMemory at 0xb977d0 of 60 bytes failed: Seule une partie d’une requête ReadProcessMemory ou WriteProcessMemory a été effectuée. (0x12B)
[0822/155348.527:ERROR:process_memory_win.cc(73)] ReadMemory at 0xb97820 of 62 bytes failed: Seule une partie d’une requête ReadProcessMemory ou WriteProcessMemory a été effectuée. (0x12B)
[0822/155348.527:ERROR:process_memory_win.cc(73)] ReadMemory at 0xb97870 of 58 bytes failed: Seule une partie d’une requête ReadProcessMemory ou WriteProcessMemory a été effectuée. (0x12B)
[0822/155348.527:ERROR:process_memory_win.cc(73)] ReadMemory at 0xb978c0 of 60 bytes failed: Seule une partie d’une requête ReadProcessMemory ou WriteProcessMemory a été effectuée. (0x12B)
[0822/155348.527:ERROR:process_memory_win.cc(73)] ReadMemory at 0xb97910 of 58 bytes failed: Seule une partie d’une requête ReadProcessMemory ou WriteProcessMemory a été effectuée. (0x12B)
[0822/155348.528:ERROR:process_memory_win.cc(73)] ReadMemory at 0xb97960 of 64 bytes failed: Seule une partie d’une requête ReadProcessMemory ou WriteProcessMemory a été effectuée. (0x12B)
[0822/155348.528:ERROR:process_memory_win.cc(73)] ReadMemory at 0xb979b0 of 58 bytes failed: Seule une partie d’une requête ReadProcessMemory ou WriteProcessMemory a été effectuée. (0x12B)
[0822/155348.528:ERROR:process_memory_win.cc(73)] ReadMemory at 0xb97a00 of 58 bytes failed: Seule une partie d’une requête ReadProcessMemory ou WriteProcessMemory a été effectuée. (0x12B)
[0822/155348.528:ERROR:process_memory_win.cc(73)] ReadMemory at 0xb97aa0 of 60 bytes failed: Seule une partie d’une requête ReadProcessMemory ou WriteProcessMemory a été effectuée. (0x12B)
[0822/155348.528:ERROR:process_memory_win.cc(73)] ReadMemory at 0xb97af0 of 64 bytes failed: Seule une partie d’une requête ReadProcessMemory ou WriteProcessMemory a été effectuée. (0x12B)
[0822/155348.528:ERROR:process_memory_win.cc(73)] ReadMemory at 0xb97b40 of 60 bytes failed: Seule une partie d’une requête ReadProcessMemory ou WriteProcessMemory a été effectuée. (0x12B)
[0822/155348.528:ERROR:process_memory_win.cc(73)] ReadMemory at 0xb97b90 of 64 bytes failed: Seule une partie d’une requête ReadProcessMemory ou WriteProcessMemory a été effectuée. (0x12B)
[0822/155348.528:ERROR:process_memory_win.cc(73)] ReadMemory at 0xb97be0 of 58 bytes failed: Seule une partie d’une requête ReadProcessMemory ou WriteProcessMemory a été effectuée. (0x12B)
[0822/155348.528:ERROR:process_memory_win.cc(73)] ReadMemory at 0xb97c30 of 58 bytes failed: Seule une partie d’une requête ReadProcessMemory ou WriteProcessMemory a été effectuée. (0x12B)
[0822/155348.528:ERROR:process_memory_win.cc(73)] ReadMemory at 0xb97c80 of 62 bytes failed: Seule une partie d’une requête ReadProcessMemory ou WriteProcessMemory a été effectuée. (0x12B)
[0822/155348.528:ERROR:process_memory_win.cc(73)] ReadMemory at 0xb97cd0 of 62 bytes failed: Seule une partie d’une requête ReadProcessMemory ou WriteProcessMemory a été effectuée. (0x12B)
[0822/155348.528:ERROR:process_memory_win.cc(73)] ReadMemory at 0xb97d20 of 62 bytes failed: Seule une partie d’une requête ReadProcessMemory ou WriteProcessMemory a été effectuée. (0x12B)
[0822/155348.528:ERROR:process_memory_win.cc(73)] ReadMemory at 0xb97d70 of 62 bytes failed: Seule une partie d’une requête ReadProcessMemory ou WriteProcessMemory a été effectuée. (0x12B)
[0822/155348.528:ERROR:process_memory_win.cc(73)] ReadMemory at 0xb97dc0 of 64 bytes failed: Seule une partie d’une requête ReadProcessMemory ou WriteProcessMemory a été effectuée. (0x12B)
[0822/155348.529:ERROR:process_memory_win.cc(73)] ReadMemory at 0xb97e10 of 62 bytes failed: Seule une partie d’une requête ReadProcessMemory ou WriteProcessMemory a été effectuée. (0x12B)
[0822/155348.529:ERROR:process_memory_win.cc(73)] ReadMemory at 0xb97e60 of 60 bytes failed: Seule une partie d’une requête ReadProcessMemory ou WriteProcessMemory a été effectuée. (0x12B)
[0822/155348.529:ERROR:process_memory_win.cc(73)] ReadMemory at 0xb97eb0 of 58 bytes failed: Seule une partie d’une requête ReadProcessMemory ou WriteProcessMemory a été effectuée. (0x12B)
[0822/155348.529:ERROR:process_memory_win.cc(73)] ReadMemory at 0xb97f00 of 60 bytes failed: Seule une partie d’une requête ReadProcessMemory ou WriteProcessMemory a été effectuée. (0x12B)
[0822/155348.529:ERROR:process_memory_win.cc(73)] ReadMemory at 0xb97f50 of 60 bytes failed: Seule une partie d’une requête ReadProcessMemory ou WriteProcessMemory a été effectuée. (0x12B)
[0822/155348.529:ERROR:process_memory_win.cc(73)] ReadMemory at 0xba0df0 of 54 bytes failed: Seule une partie d’une requête ReadProcessMemory ou WriteProcessMemory a été effectuée. (0x12B)
[0822/155348.529:ERROR:process_memory_win.cc(73)] ReadMemory at 0xba3590 of 132 bytes failed: Seule une partie d’une requête ReadProcessMemory ou WriteProcessMemory a été effectuée. (0x12B)
[0822/155348.529:ERROR:process_memory_win.cc(73)] ReadMemory at 0xba3680 of 132 bytes failed: Seule une partie d’une requête ReadProcessMemory ou WriteProcessMemory a été effectuée. (0x12B)
[0822/155348.529:ERROR:process_memory_win.cc(73)] ReadMemory at 0xba3770 of 132 bytes failed: Seule une partie d’une requête ReadProcessMemory ou WriteProcessMemory a été effectuée. (0x12B)
[0822/155348.529:ERROR:process_memory_win.cc(73)] ReadMemory at 0xba3860 of 132 bytes failed: Seule une partie d’une requête ReadProcessMemory ou WriteProcessMemory a été effectuée. (0x12B)
[0822/155348.529:ERROR:process_memory_win.cc(73)] ReadMemory at 0xba5fa0 of 132 bytes failed: Seule une partie d’une requête ReadProcessMemory ou WriteProcessMemory a été effectuée. (0x12B)
[0822/155348.530:ERROR:process_memory_win.cc(73)] ReadMemory at 0xba6090 of 132 bytes failed: Seule une partie d’une requête ReadProcessMemory ou WriteProcessMemory a été effectuée. (0x12B)
[0822/155348.530:ERROR:process_memory_win.cc(73)] ReadMemory at 0xba6180 of 132 bytes failed: Seule une partie d’une requête ReadProcessMemory ou WriteProcessMemory a été effectuée. (0x12B)
[0822/155348.530:ERROR:process_memory_win.cc(73)] ReadMemory at 0xba6270 of 132 bytes failed: Seule une partie d’une requête ReadProcessMemory ou WriteProcessMemory a été effectuée. (0x12B)
[0822/155348.530:ERROR:process_memory_win.cc(73)] ReadMemory at 0xba6360 of 132 bytes failed: Seule une partie d’une requête ReadProcessMemory ou WriteProcessMemory a été effectuée. (0x12B)
[0822/155348.530:ERROR:process_memory_win.cc(73)] ReadMemory at 0xba6450 of 132 bytes failed: Seule une partie d’une requête ReadProcessMemory ou WriteProcessMemory a été effectuée. (0x12B)
[0822/155348.530:ERROR:process_memory_win.cc(73)] ReadMemory at 0xba6540 of 132 bytes failed: Seule une partie d’une requête ReadProcessMemory ou WriteProcessMemory a été effectuée. (0x12B)
[0822/155348.530:ERROR:process_memory_win.cc(73)] ReadMemory at 0xba6630 of 132 bytes failed: Seule une partie d’une requête ReadProcessMemory ou WriteProcessMemory a été effectuée. (0x12B)
[0822/155348.530:ERROR:process_memory_win.cc(73)] ReadMemory at 0xba6720 of 132 bytes failed: Seule une partie d’une requête ReadProcessMemory ou WriteProcessMemory a été effectuée. (0x12B)
[0822/155348.530:ERROR:process_memory_win.cc(73)] ReadMemory at 0xba6810 of 132 bytes failed: Seule une partie d’une requête ReadProcessMemory ou WriteProcessMemory a été effectuée. (0x12B)
[0822/155348.530:ERROR:process_memory_win.cc(73)] ReadMemory at 0xba6900 of 132 bytes failed: Seule une partie d’une requête ReadProcessMemory ou WriteProcessMemory a été effectuée. (0x12B)
[0822/155348.530:ERROR:process_memory_win.cc(73)] ReadMemory at 0xba69f0 of 132 bytes failed: Seule une partie d’une requête ReadProcessMemory ou WriteProcessMemory a été effectuée. (0x12B)
[0822/155348.531:ERROR:process_memory_win.cc(73)] ReadMemory at 0xba6ae0 of 132 bytes failed: Seule une partie d’une requête ReadProcessMemory ou WriteProcessMemory a été effectuée. (0x12B)
[0822/155348.531:ERROR:process_memory_win.cc(73)] ReadMemory at 0xba6bd0 of 132 bytes failed: Seule une partie d’une requête ReadProcessMemory ou WriteProcessMemory a été effectuée. (0x12B)
[0822/155348.531:ERROR:process_memory_win.cc(73)] ReadMemory at 0xba6cc0 of 132 bytes failed: Seule une partie d’une requête ReadProcessMemory ou WriteProcessMemory a été effectuée. (0x12B)
[0822/155348.531:ERROR:process_memory_win.cc(73)] ReadMemory at 0xba6db0 of 132 bytes failed: Seule une partie d’une requête ReadProcessMemory ou WriteProcessMemory a été effectuée. (0x12B)
[0822/155348.531:ERROR:process_memory_win.cc(73)] ReadMemory at 0xba6ea0 of 132 bytes failed: Seule une partie d’une requête ReadProcessMemory ou WriteProcessMemory a été effectuée. (0x12B)
[0822/155348.531:ERROR:process_memory_win.cc(73)] ReadMemory at 0xba6f90 of 132 bytes failed: Seule une partie d’une requête ReadProcessMemory ou WriteProcessMemory a été effectuée. (0x12B)
[0822/155348.531:ERROR:process_memory_win.cc(73)] ReadMemory at 0xba7080 of 132 bytes failed: Seule une partie d’une requête ReadProcessMemory ou WriteProcessMemory a été effectuée. (0x12B)
[0822/155348.531:ERROR:process_memory_win.cc(73)] ReadMemory at 0xba7170 of 132 bytes failed: Seule une partie d’une requête ReadProcessMemory ou WriteProcessMemory a été effectuée. (0x12B)
[0822/155348.531:ERROR:process_memory_win.cc(73)] ReadMemory at 0xba7260 of 132 bytes failed: Seule une partie d’une requête ReadProcessMemory ou WriteProcessMemory a été effectuée. (0x12B)
[0822/155348.531:ERROR:process_memory_win.cc(73)] ReadMemory at 0xba7350 of 132 bytes failed: Seule une partie d’une requête ReadProcessMemory ou WriteProcessMemory a été effectuée. (0x12B)
[0822/155348.531:ERROR:process_memory_win.cc(73)] ReadMemory at 0xba7440 of 132 bytes failed: Seule une partie d’une requête ReadProcessMemory ou WriteProcessMemory a été effectuée. (0x12B)
[0822/155348.531:ERROR:process_memory_win.cc(73)] ReadMemory at 0xba7530 of 132 bytes failed: Seule une partie d’une requête ReadProcessMemory ou WriteProcessMemory a été effectuée. (0x12B)
[0822/155348.532:ERROR:process_memory_win.cc(73)] ReadMemory at 0xba7620 of 132 bytes failed: Seule une partie d’une requête ReadProcessMemory ou WriteProcessMemory a été effectuée. (0x12B)
[0822/155348.532:ERROR:process_memory_win.cc(73)] ReadMemory at 0xba7710 of 132 bytes failed: Seule une partie d’une requête ReadProcessMemory ou WriteProcessMemory a été effectuée. (0x12B)
[0822/155348.532:ERROR:process_memory_win.cc(73)] ReadMemory at 0xba7800 of 132 bytes failed: Seule une partie d’une requête ReadProcessMemory ou WriteProcessMemory a été effectuée. (0x12B)
[0822/155348.532:ERROR:process_memory_win.cc(73)] ReadMemory at 0xba78f0 of 132 bytes failed: Seule une partie d’une requête ReadProcessMemory ou WriteProcessMemory a été effectuée. (0x12B)
[0822/155348.532:ERROR:process_memory_win.cc(73)] ReadMemory at 0xba79e0 of 132 bytes failed: Seule une partie d’une requête ReadProcessMemory ou WriteProcessMemory a été effectuée. (0x12B)
[0822/155348.532:ERROR:process_memory_win.cc(73)] ReadMemory at 0xba7bc0 of 132 bytes failed: Seule une partie d’une requête ReadProcessMemory ou WriteProcessMemory a été effectuée. (0x12B)
[0822/155348.532:ERROR:process_memory_win.cc(73)] ReadMemory at 0xba8e30 of 54 bytes failed: Seule une partie d’une requête ReadProcessMemory ou WriteProcessMemory a été effectuée. (0x12B)
[0822/155348.532:ERROR:process_memory_win.cc(73)] ReadMemory at 0xba9ec0 of 146 bytes failed: Seule une partie d’une requête ReadProcessMemory ou WriteProcessMemory a été effectuée. (0x12B)
[0822/155348.532:ERROR:process_memory_win.cc(73)] ReadMemory at 0xbabf20 of 80 bytes failed: Seule une partie d’une requête ReadProcessMemory ou WriteProcessMemory a été effectuée. (0x12B)
[0822/155348.532:ERROR:process_memory_win.cc(73)] ReadMemory at 0xbad360 of 512 bytes failed: Seule une partie d’une requête ReadProcessMemory ou WriteProcessMemory a été effectuée. (0x12B)
[0822/155348.532:ERROR:process_memory_win.cc(73)] ReadMemory at 0xbb2b00 of 64 bytes failed: Seule une partie d’une requête ReadProcessMemory ou WriteProcessMemory a été effectuée. (0x12B)
[0822/155348.532:ERROR:process_memory_win.cc(73)] ReadMemory at 0xbb2b50 of 62 bytes failed: Seule une partie d’une requête ReadProcessMemory ou WriteProcessMemory a été effectuée. (0x12B)
[0822/155348.532:ERROR:process_memory_win.cc(73)] ReadMemory at 0xbb2ba0 of 62 bytes failed: Seule une partie d’une requête ReadProcessMemory ou WriteProcessMemory a été effectuée. (0x12B)
[0822/155348.532:ERROR:process_memory_win.cc(73)] ReadMemory at 0xbb2bf0 of 58 bytes failed: Seule une partie d’une requête ReadProcessMemory ou WriteProcessMemory a été effectuée. (0x12B)
[0822/155348.533:ERROR:process_memory_win.cc(73)] ReadMemory at 0xbb2c40 of 64 bytes failed: Seule une partie d’une requête ReadProcessMemory ou WriteProcessMemory a été effectuée. (0x12B)
[0822/155348.533:ERROR:process_memory_win.cc(73)] ReadMemory at 0xbdb220 of 62 bytes failed: Seule une partie d’une requête ReadProcessMemory ou WriteProcessMemory a été effectuée. (0x12B)
[0822/155348.533:ERROR:process_memory_win.cc(73)] ReadMemory at 0xbdb270 of 62 bytes failed: Seule une partie d’une requête ReadProcessMemory ou WriteProcessMemory a été effectuée. (0x12B)
[0822/155348.533:ERROR:process_memory_win.cc(73)] ReadMemory at 0xbdb590 of 66 bytes failed: Seule une partie d’une requête ReadProcessMemory ou WriteProcessMemory a été effectuée. (0x12B)
[0822/155348.534:ERROR:process_memory_win.cc(73)] ReadMemory at 0xbef0c0 of 132 bytes failed: Seule une partie d’une requête ReadProcessMemory ou WriteProcessMemory a été effectuée. (0x12B)
[0822/155348.534:ERROR:process_memory_win.cc(73)] ReadMemory at 0xbef2a0 of 132 bytes failed: Seule une partie d’une requête ReadProcessMemory ou WriteProcessMemory a été effectuée. (0x12B)
[0822/155348.534:ERROR:process_memory_win.cc(73)] ReadMemory at 0xc2b930 of 512 bytes failed: Seule une partie d’une requête ReadProcessMemory ou WriteProcessMemory a été effectuée. (0x12B)
[0822/155348.534:ERROR:process_memory_win.cc(73)] ReadMemory at 0xc3a390 of 592 bytes failed: Seule une partie d’une requête ReadProcessMemory ou WriteProcessMemory a été effectuée. (0x12B)
[0822/155348.534:ERROR:process_memory_win.cc(73)] ReadMemory at 0x2d144c0 of 512 bytes failed: Seule une partie d’une requête ReadProcessMemory ou WriteProcessMemory a été effectuée. (0x12B)
[0822/155348.534:ERROR:process_memory_win.cc(73)] ReadMemory at 0x2da67f0 of 512 bytes failed: Seule une partie d’une requête ReadProcessMemory ou WriteProcessMemory a été effectuée. (0x12B)
[0822/155348.535:ERROR:process_memory_win.cc(73)] ReadMemory at 0x6d4a450 of 512 bytes failed: Seule une partie d’une requête ReadProcessMemory ou WriteProcessMemory a été effectuée. (0x12B)
[0822/155348.535:ERROR:process_memory_win.cc(73)] ReadMemory at 0x6e45e30 of 512 bytes failed: Seule une partie d’une requête ReadProcessMemory ou WriteProcessMemory a été effectuée. (0x12B)
[0822/155348.535:ERROR:process_memory_win.cc(73)] ReadMemory at 0x775cb228 of 512 bytes failed: Seule une partie d’une requête ReadProcessMemory ou WriteProcessMemory a été effectuée. (0x12B)
[0822/155348.535:ERROR:process_memory_win.cc(73)] ReadMemory at 0x775e7bc8 of 18 bytes failed: Seule une partie d’une requête ReadProcessMemory ou WriteProcessMemory a été effectuée. (0x12B)
[0822/155348.535:ERROR:process_memory_win.cc(73)] ReadMemory at 0x775ea928 of 672 bytes failed: Seule une partie d’une requête ReadProcessMemory ou WriteProcessMemory a été effectuée. (0x12B)
[0822/155348.535:ERROR:process_memory_win.cc(73)] ReadMemory at 0x775f3160 of 512 bytes failed: Seule une partie d’une requête ReadProcessMemory ou WriteProcessMemory a été effectuée. (0x12B)
[0822/155348.536:ERROR:process_memory_win.cc(73)] ReadMemory at 0x7764976a of 592 bytes failed: Seule une partie d’une requête ReadProcessMemory ou WriteProcessMemory a été effectuée. (0x12B)
[0822/155348.536:ERROR:process_memory_win.cc(73)] ReadMemory at 0x77649a6a of 512 bytes failed: Seule une partie d’une requête ReadProcessMemory ou WriteProcessMemory a été effectuée. (0x12B)
[0822/155348.536:ERROR:process_memory_win.cc(73)] ReadMemory at 0x77649cda of 512 bytes failed: Seule une partie d’une requête ReadProcessMemory ou WriteProcessMemory a été effectuée. (0x12B)
[0822/155348.536:ERROR:process_memory_win.cc(73)] ReadMemory at 0x777080d8 of 40 bytes failed: Seule une partie d’une requête ReadProcessMemory ou WriteProcessMemory a été effectuée. (0x12B)
[0822/155348.536:ERROR:process_memory_win.cc(73)] ReadMemory at 0x77712dc0 of 48 bytes failed: Seule une partie d’une requête ReadProcessMemory ou WriteProcessMemory a été effectuée. (0x12B)
[0822/155348.536:ERROR:process_memory_win.cc(73)] ReadMemory at 0x77712e40 of 64 bytes failed: Seule une partie d’une requête ReadProcessMemory ou WriteProcessMemory a été effectuée. (0x12B)
[0822/155348.536:ERROR:process_memory_win.cc(73)] ReadMemory at 0xed7fe88e88 of 512 bytes failed: Seule une partie d’une requête ReadProcessMemory ou WriteProcessMemory a été effectuée. (0x12B)
[0822/155348.536:ERROR:process_memory_win.cc(73)] ReadMemory at 0x7fec8bce6f1 of 512 bytes failed: Seule une partie d’une requête ReadProcessMemory ou WriteProcessMemory a été effectuée. (0x12B)
[0822/155348.536:ERROR:process_memory_win.cc(73)] ReadMemory at 0x7fed2d1b96e of 512 bytes failed: Seule une partie d’une requête ReadProcessMemory ou WriteProcessMemory a été effectuée. (0x12B)
[0822/155348.536:ERROR:process_memory_win.cc(73)] ReadMemory at 0x7fffffd3000 of 6024 bytes failed: Seule une partie d’une requête ReadProcessMemory ou WriteProcessMemory a été effectuée. (0x12B)
[0822/155348.537:ERROR:process_memory_win.cc(73)] ReadMemory at 0x7fffffd5000 of 6024 bytes failed: Seule une partie d’une requête ReadProcessMemory ou WriteProcessMemory a été effectuée. (0x12B)
[0822/155348.537:ERROR:process_memory_win.cc(73)] ReadMemory at 0x7fffffd7000 of 6024 bytes failed: Seule une partie d’une requête ReadProcessMemory ou WriteProcessMemory a été effectuée. (0x12B)
[0822/155348.537:ERROR:process_memory_win.cc(73)] ReadMemory at 0x7fffffd9000 of 6024 bytes failed: Seule une partie d’une requête ReadProcessMemory ou WriteProcessMemory a été effectuée. (0x12B)
[0822/155348.537:ERROR:process_memory_win.cc(73)] ReadMemory at 0x7fffffdb000 of 6024 bytes failed: Seule une partie d’une requête ReadProcessMemory ou WriteProcessMemory a été effectuée. (0x12B)
[0822/155348.537:ERROR:process_memory_win.cc(73)] ReadMemory at 0x7fffffdd000 of 6024 bytes failed: Seule une partie d’une requête ReadProcessMemory ou WriteProcessMemory a été effectuée. (0x12B)
[0822/155348.537:ERROR:process_memory_win.cc(73)] ReadMemory at 0x7fffffdf000 of 852 bytes failed: Seule une partie d’une requête ReadProcessMemory ou WriteProcessMemory a été effectuée. (0x12B)
[0822/155348.543:ERROR:file_io_win.cc(161)] CreateFile C:\Users\MICROM~1\AppData\Local\Temp\scoped_dir19564_2058030373\Crashpad\settings.dat: Le fichier spécifié est introuvable. (0x2)
[0822/155348.539:ERROR:scoped_process_suspend.cc(40)] NtResumeProcess: Tentative d’accès à un processus en cours d’arrêt. (0xc000010a)
[0822/160146.327:ERROR:process_info.cc(329)] VirtualQueryEx: Accès refusé. (0x5)
[0822/160146.330:ERROR:process_info.cc(556)] ReadMemoryInfo failed
[0822/160146.330:ERROR:scoped_process_suspend.cc(40)] NtResumeProcess: Tentative d’accès à un processus en cours d’arrêt. (0xc000010a)
[0823/131321.802:ERROR:process_info.cc(329)] VirtualQueryEx: Accès refusé. (0x5)
[0823/131321.819:ERROR:process_info.cc(556)] ReadMemoryInfo failed
[0823/131321.819:ERROR:process_memory_win.cc(39)] Failed to initialize ProcessInfo.
[0823/131321.821:ERROR:scoped_process_suspend.cc(40)] NtResumeProcess: Tentative d’accès à un processus en cours d’arrêt. (0xc000010a)
[0823/132622.249:ERROR:process_reader_win.cc(151)] SuspendThread: Accès refusé. (0x5)
[0823/132622.267:ERROR:exception_snapshot_win.cc(98)] thread ID 12360 not found in process
